<?xml version="1.0" encoding="UTF-8"?>
<!-- Generated by org.testng.reporters.JUnitXMLReporter -->
<testsuite hostname="Users-MacBook-Air.local" ignored="0" name="Default test" tests="17" failures="0" timestamp="2021-08-27T16:21:29 BDT" time="109.996" errors="0">
  <testcase name="loginProcess" time="5.433" classname="main.FullRegression"/>
  <testcase name="userModule" time="6.865" classname="main.FullRegression"/>
  <testcase name="customerModule" time="6.797" classname="main.FullRegression"/>
  <testcase name="geoProfileModule" time="7.584" classname="main.FullRegression"/>
  <testcase name="contentModule" time="7.676" classname="main.FullRegression"/>
  <testcase name="liveTVModule" time="7.689" classname="main.FullRegression"/>
  <testcase name="publishingModule" time="8.816" classname="main.FullRegression"/>
  <testcase name="packageModule" time="6.255" classname="main.FullRegression"/>
  <testcase name="analyticsModule" time="4.104" classname="main.FullRegression"/>
  <testcase name="reportModule" time="3.997" classname="main.FullRegression"/>
  <testcase name="contentOwnerModule" time="6.377" classname="main.FullRegression"/>
  <testcase name="adCampaignModule" time="6.36" classname="main.FullRegression"/>
  <testcase name="castAndCrewModule" time="6.209" classname="main.FullRegression"/>
  <testcase name="contentGroupModule" time="6.363" classname="main.FullRegression"/>
  <testcase name="tagModule" time="6.422" classname="main.FullRegression"/>
  <testcase name="genreModule" time="6.381" classname="main.FullRegression"/>
  <testcase name="categoryModule" time="6.535" classname="main.FullRegression"/>
</testsuite> <!-- Default test -->
